PLINK v2.00a6 AVX2 (23 Nov 2023)
Options in effect:
  --chr 1-22
  --make-bed
  --out ./results_local/plink_binary/gda_binary
  --pfile ./results_local/plink_binary/temp_sorted

Hostname: DE-BM37N23
Working directory: /home/username/Desktop/PRScs
Start time: Tue Jul 22 13:15:21 2025

Random number seed: 1753215321
3810 MiB RAM detected, ~2445 available; reserving 1905 MiB for main workspace.
Using up to 8 compute threads.
48 samples (0 females, 0 males, 48 ambiguous; 48 founders) loaded from
./results_local/plink_binary/temp_sorted.psam.
1952878 out of 2028571 variants loaded from
./results_local/plink_binary/temp_sorted.pvar.
Note: No phenotype data present.
Writing ./results_local/plink_binary/gda_binary.fam ... done.
Writing ./results_local/plink_binary/gda_binary.bim ... done.
Writing ./results_local/plink_binary/gda_binary.bed ... done.

End time: Tue Jul 22 13:15:25 2025
